#
# There is insufficient memory for the Java Runtime Environment to continue.
# Native memory allocation (malloc) failed to allocate 822656 bytes for Chunk::new
# Possible reasons:
#   The system is out of physical RAM or swap space
#   The process is running with CompressedOops enabled, and the Java Heap may be blocking the growth of the native heap
# Possible solutions:
#   Reduce memory load on the system
#   Increase physical memory or swap space
#   Check if swap backing store is full
#   Decrease Java heap size (-Xmx/-Xms)
#   Decrease number of Java threads
#   Decrease Java thread stack sizes (-Xss)
#   Set larger code cache with -XX:ReservedCodeCacheSize=
#   JVM is running with Zero Based Compressed Oops mode in which the Java heap is
#     placed in the first 32GB address space. The Java Heap base address is the
#     maximum limit for the native heap growth. Please use -XX:HeapBaseMinAddress
#     to set the Java Heap base and to place the Java Heap above 32GB virtual address.
# This output file may be truncated or incomplete.
#
#  Out of Memory Error (allocation.cpp:389), pid=42624, tid=0x000000000000a4b4
#
# JRE version: OpenJDK Runtime Environment (8.0_322-b06) (build 1.8.0_322-b06)
# Java VM: OpenJDK 64-Bit Server VM (25.322-b06 mixed mode windows-amd64 compressed oops)
# Failed to write core dump. Minidumps are not enabled by default on client versions of Windows
#

---------------  T H R E A D  ---------------

Current thread (0x000001deed073800):  JavaThread "C2 CompilerThread1" daemon [_thread_in_native, id=42164, stack(0x0000000e4d500000,0x0000000e4d600000)]

Stack: [0x0000000e4d500000,0x0000000e4d600000]
[error occurred during error reporting (printing stack bounds), id 0xc0000005]

Native frames: (J=compiled Java code, j=interpreted, Vv=VM code, C=native code)


Current CompileTask:
C2:   3858 1520       4       java.net.URLClassLoader$1::run (5 bytes)


---------------  P R O C E S S  ---------------

Java Threads: ( => current thread )
  0x000001deee31c000 JavaThread "Service Thread" daemon [_thread_blocked, id=512, stack(0x0000000e4d800000,0x0000000e4d900000)]
  0x000001deed07b000 JavaThread "C1 CompilerThread3" daemon [_thread_blocked, id=39968, stack(0x0000000e4d700000,0x0000000e4d800000)]
  0x000001deed074800 JavaThread "C2 CompilerThread2" daemon [_thread_blocked, id=41512, stack(0x0000000e4d600000,0x0000000e4d700000)]
=>0x000001deed073800 JavaThread "C2 CompilerThread1" daemon [_thread_in_native, id=42164, stack(0x0000000e4d500000,0x0000000e4d600000)]
  0x000001deed071000 JavaThread "C2 CompilerThread0" daemon [_thread_blocked, id=36472, stack(0x0000000e4d400000,0x0000000e4d500000)]
  0x000001deed050800 JavaThread "Attach Listener" daemon [_thread_blocked, id=41044, stack(0x0000000e4d300000,0x0000000e4d400000)]
  0x000001deed04f800 JavaThread "Signal Dispatcher" daemon [_thread_blocked, id=42568, stack(0x0000000e4d200000,0x0000000e4d300000)]
  0x000001deec3da000 JavaThread "Finalizer" daemon [_thread_blocked, id=42932, stack(0x0000000e4d100000,0x0000000e4d200000)]
  0x000001deec3d8800 JavaThread "Reference Handler" daemon [_thread_blocked, id=41700, stack(0x0000000e4d000000,0x0000000e4d100000)]
  0x000001ded4d94800 JavaThread "main" [_thread_in_Java, id=14924, stack(0x0000000e4c600000,0x0000000e4c700000)]

Other Threads:
  0x000001deecfb5800 VMThread [stack: 0x0000000e4cf00000,0x0000000e4d000000] [id=42132]
  0x000001deee31d000 WatcherThread [stack: 0x0000000e4d900000,0x0000000e4da00000] [id=12796]

VM state:not at safepoint (normal execution)

VM Mutex/Monitor currently owned by a thread: None

heap address: 0x0000000720e00000, size: 2546 MB, Compressed Oops mode: Zero based, Oop shift amount: 3
Narrow klass base: 0x0000000000000000, Narrow klass shift: 3
Compressed class space size: 1073741824 Address: 0x00000007c0000000

Heap:
 PSYoungGen      total 47616K, used 45736K [0x000000078af80000, 0x000000078e480000, 0x00000007c0000000)
  eden space 40960K, 95% used [0x000000078af80000,0x000000078d5c6200,0x000000078d780000)
  from space 6656K, 98% used [0x000000078d780000,0x000000078dde41a8,0x000000078de00000)
  to   space 6656K, 0% used [0x000000078de00000,0x000000078de00000,0x000000078e480000)
 ParOldGen       total 109568K, used 16K [0x0000000720e00000, 0x0000000727900000, 0x000000078af80000)
  object space 109568K, 0% used [0x0000000720e00000,0x0000000720e04000,0x0000000727900000)
 Metaspace       used 13619K, capacity 13888K, committed 14080K, reserved 1060864K
  class space    used 1689K, capacity 1781K, committed 1792K, reserved 1048576K

Card table byte_map: [0x000001dee5df0000,0x000001dee62f0000] byte_map_base: 0x000001dee24e9000

Marking Bits: (ParMarkBitMap*) 0x0000000056207860
 Begin Bits: [0x000001dee6650000, 0x000001dee8e18000)
 End Bits:   [0x000001dee8e18000, 0x000001deeb5e0000)

Polling page: 0x000001ded4d30000

CodeCache: size=245760Kb used=5472Kb max_used=5472Kb free=240287Kb
 bounds [0x000001ded6a30000, 0x000001ded6f90000, 0x000001dee5a30000]
 total_blobs=1940 nmethods=1592 adapters=261
 compilation: enabled

Compilation events (10 events):
Event: 3.830 Thread 0x000001deed07b000 1589       3       com.google.inject.Scopes::isSingleton (106 bytes)
Event: 3.831 Thread 0x000001deed07b000 nmethod 1589 0x000001ded6f89450 code [0x000001ded6f89680, 0x000001ded6f8a730]
Event: 3.831 Thread 0x000001deed07b000 1586       3       org.eclipse.sisu.inject.LocatedBeans$Itr::next (32 bytes)
Event: 3.831 Thread 0x000001deed07b000 nmethod 1586 0x000001ded6f8abd0 code [0x000001ded6f8ad40, 0x000001ded6f8b080]
Event: 3.831 Thread 0x000001deed07b000 1587       3       org.eclipse.sisu.inject.LazyBeanEntry::<init> (81 bytes)
Event: 3.832 Thread 0x000001deed07b000 nmethod 1587 0x000001ded6f8b190 code [0x000001ded6f8b360, 0x000001ded6f8bbb0]
Event: 3.832 Thread 0x000001deed07b000 1588       3       org.eclipse.sisu.inject.LazyBeanEntry$JsrNamed::<init> (15 bytes)
Event: 3.832 Thread 0x000001deed07b000 nmethod 1588 0x000001ded6f8be90 code [0x000001ded6f8c000, 0x000001ded6f8c2b0]
Event: 3.835 Thread 0x000001deed07b000 1590       3       org.eclipse.sisu.inject.LazyBeanEntry::getValue (10 bytes)
Event: 3.835 Thread 0x000001deed07b000 nmethod 1590 0x000001ded6f8c390 code [0x000001ded6f8c500, 0x000001ded6f8c730]

GC Heap History (2 events):
Event: 2.733 GC heap before
{Heap before GC invocations=1 (full 0):
 PSYoungGen      total 47616K, used 40960K [0x000000078af80000, 0x000000078e480000, 0x00000007c0000000)
  eden space 40960K, 100% used [0x000000078af80000,0x000000078d780000,0x000000078d780000)
  from space 6656K, 0% used [0x000000078de00000,0x000000078de00000,0x000000078e480000)
  to   space 6656K, 0% used [0x000000078d780000,0x000000078d780000,0x000000078de00000)
 ParOldGen       total 109568K, used 0K [0x0000000720e00000, 0x0000000727900000, 0x000000078af80000)
  object space 109568K, 0% used [0x0000000720e00000,0x0000000720e00000,0x0000000727900000)
 Metaspace       used 9392K, capacity 9624K, committed 9984K, reserved 1058816K
  class space    used 1125K, capacity 1183K, committed 1280K, reserved 1048576K
Event: 2.742 GC heap after
Heap after GC invocations=1 (full 0):
 PSYoungGen      total 47616K, used 6544K [0x000000078af80000, 0x000000078e480000, 0x00000007c0000000)
  eden space 40960K, 0% used [0x000000078af80000,0x000000078af80000,0x000000078d780000)
  from space 6656K, 98% used [0x000000078d780000,0x000000078dde41a8,0x000000078de00000)
  to   space 6656K, 0% used [0x000000078de00000,0x000000078de00000,0x000000078e480000)
 ParOldGen       total 109568K, used 16K [0x0000000720e00000, 0x0000000727900000, 0x000000078af80000)
  object space 109568K, 0% used [0x0000000720e00000,0x0000000720e04000,0x0000000727900000)
 Metaspace       used 9392K, capacity 9624K, committed 9984K, reserved 1058816K
  class space    used 1125K, capacity 1183K, committed 1280K, reserved 1048576K
}

Deoptimization events (10 events):
Event: 1.992 Thread 0x000001ded4d94800 Uncommon trap: reason=unstable_if action=reinterpret pc=0x000001ded6b5a208 method=java.net.URI.match(CJJ)Z @ 19
Event: 2.385 Thread 0x000001ded4d94800 Uncommon trap: reason=unstable_if action=reinterpret pc=0x000001ded6cee494 method=java.nio.charset.CoderResult.isOverflow()Z @ 5
Event: 2.420 Thread 0x000001ded4d94800 Uncommon trap: reason=unstable_if action=reinterpret pc=0x000001ded6d22b48 method=java.nio.charset.CoderResult.isOverflow()Z @ 5
Event: 2.425 Thread 0x000001ded4d94800 Uncommon trap: reason=unstable_if action=reinterpret pc=0x000001ded6cff848 method=java.io.Reader.read()I @ 12
Event: 2.496 Thread 0x000001ded4d94800 Uncommon trap: reason=unstable_if action=reinterpret pc=0x000001ded6d384f0 method=sun.nio.cs.StreamDecoder.implRead([CII)I @ 197
Event: 2.502 Thread 0x000001ded4d94800 Uncommon trap: reason=unstable_if action=reinterpret pc=0x000001ded6d41e5c method=org.codehaus.plexus.util.xml.pull.MXParser.nextImpl()I @ 241
Event: 2.630 Thread 0x000001ded4d94800 Uncommon trap: reason=unstable_if action=reinterpret pc=0x000001ded6cc0e9c method=java.util.HashMap.getNode(ILjava/lang/Object;)Ljava/util/HashMap$Node; @ 129
Event: 2.640 Thread 0x000001ded4d94800 Uncommon trap: reason=unstable_if action=reinterpret pc=0x000001ded6cc1cd0 method=java.util.HashMap.getNode(ILjava/lang/Object;)Ljava/util/HashMap$Node; @ 129
Event: 2.938 Thread 0x000001ded4d94800 Uncommon trap: reason=unstable_if action=reinterpret pc=0x000001ded6dc1b60 method=java.lang.String.lastIndexOf([CII[CIII)I @ 118
Event: 3.680 Thread 0x000001ded4d94800 Uncommon trap: reason=unstable_if action=reinterpret pc=0x000001ded6f01658 method=java.lang.reflect.Modifier.isSynthetic(I)Z @ 5

Classes redefined (0 events):
No events

Internal exceptions (9 events):
Event: 0.120 Thread 0x000001ded4d94800 Exception <a 'java/lang/NoSuchMethodError': Method sun.misc.Unsafe.defineClass(Ljava/lang/String;[BII)Ljava/lang/Class; name or signature does not match> (0x000000078af88288) thrown at [C:\wsjdk\Corretto8Src\installers\windows\zip\corretto-build\buildRoot
Event: 0.121 Thread 0x000001ded4d94800 Exception <a 'java/lang/NoSuchMethodError': Method sun.misc.Unsafe.prefetchRead(Ljava/lang/Object;J)V name or signature does not match> (0x000000078af88570) thrown at [C:\wsjdk\Corretto8Src\installers\windows\zip\corretto-build\buildRoot\src\hotspot\src\s
Event: 0.630 Thread 0x000001ded4d94800 Exception <a 'java/security/PrivilegedActionException'> (0x000000078b392d20) thrown at [C:\wsjdk\Corretto8Src\installers\windows\zip\corretto-build\buildRoot\src\hotspot\src\share\vm\prims\jvm.cpp, line 1524]
Event: 0.630 Thread 0x000001ded4d94800 Exception <a 'java/security/PrivilegedActionException'> (0x000000078b393118) thrown at [C:\wsjdk\Corretto8Src\installers\windows\zip\corretto-build\buildRoot\src\hotspot\src\share\vm\prims\jvm.cpp, line 1524]
Event: 0.631 Thread 0x000001ded4d94800 Exception <a 'java/security/PrivilegedActionException'> (0x000000078b3956f0) thrown at [C:\wsjdk\Corretto8Src\installers\windows\zip\corretto-build\buildRoot\src\hotspot\src\share\vm\prims\jvm.cpp, line 1524]
Event: 0.631 Thread 0x000001ded4d94800 Exception <a 'java/security/PrivilegedActionException'> (0x000000078b395ae8) thrown at [C:\wsjdk\Corretto8Src\installers\windows\zip\corretto-build\buildRoot\src\hotspot\src\share\vm\prims\jvm.cpp, line 1524]
Event: 3.590 Thread 0x000001ded4d94800 Exception <a 'java/lang/NoClassDefFoundError': com/google/inject/servlet/ServletModuleTargetVisitor> (0x000000078d100eb8) thrown at [C:\wsjdk\Corretto8Src\installers\windows\zip\corretto-build\buildRoot\src\hotspot\src\share\vm\classfile\systemDictionary.
Event: 3.591 Thread 0x000001ded4d94800 Exception <a 'java/lang/NoClassDefFoundError'> (0x000000078d100eb8) thrown at [C:\wsjdk\Corretto8Src\installers\windows\zip\corretto-build\buildRoot\src\hotspot\src\share\vm\prims\jvm.cpp, line 1528]
Event: 3.591 Thread 0x000001ded4d94800 Exception <a 'java/lang/NoClassDefFoundError': javax/annotation/Priority> (0x000000078d105e30) thrown at [C:\wsjdk\Corretto8Src\installers\windows\zip\corretto-build\buildRoot\src\hotspot\src\share\vm\classfile\systemDictionary.cpp, line 206]

Events (10 events):
Event: 3.845 loading class org/apache/maven/lifecycle/internal/DefaultExecutionEventCatapult
Event: 3.845 loading class org/apache/maven/lifecycle/internal/DefaultExecutionEventCatapult done
Event: 3.845 loading class org/apache/maven/lifecycle/internal/DefaultExecutionEventCatapult
Event: 3.845 loading class org/apache/maven/lifecycle/internal/DefaultExecutionEventCatapult done
Event: 3.846 loading class org/apache/maven/lifecycle/internal/DefaultExecutionEventCatapult
Event: 3.846 loading class org/apache/maven/lifecycle/internal/DefaultExecutionEventCatapult done
Event: 3.851 loading class org/apache/maven/lifecycle/internal/DefaultLifecycleTaskSegmentCalculator
Event: 3.851 loading class org/apache/maven/lifecycle/internal/DefaultLifecycleTaskSegmentCalculator done
Event: 3.853 loading class org/apache/maven/lifecycle/internal/DefaultLifecycleTaskSegmentCalculator
Event: 3.853 loading class org/apache/maven/lifecycle/internal/DefaultLifecycleTaskSegmentCalculator done


Dynamic libraries:
0x00007ff6ab980000 - 0x00007ff6ab9ba000 	E:\Java\jdk8.0\bin\java.exe
0x00007ffafb4f0000 - 0x00007ffafb6e8000 	C:\WINDOWS\SYSTEM32\ntdll.dll
0x00007ffaf9580000 - 0x00007ffaf963d000 	C:\WINDOWS\System32\KERNEL32.DLL
0x00007ffaf9010000 - 0x00007ffaf92de000 	C:\WINDOWS\System32\KERNELBASE.dll
0x00007ffafa9f0000 - 0x00007ffafaa9e000 	C:\WINDOWS\System32\ADVAPI32.dll
0x00007ffafa750000 - 0x00007ffafa7ee000 	C:\WINDOWS\System32\msvcrt.dll
0x00007ffafa950000 - 0x00007ffafa9ec000 	C:\WINDOWS\System32\sechost.dll
0x00007ffafb240000 - 0x00007ffafb365000 	C:\WINDOWS\System32\RPCRT4.dll
0x00007ffaf9d50000 - 0x00007ffaf9ef0000 	C:\WINDOWS\System32\USER32.dll
0x00007ffaf8c10000 - 0x00007ffaf8c32000 	C:\WINDOWS\System32\win32u.dll
0x00007ffaf9550000 - 0x00007ffaf957a000 	C:\WINDOWS\System32\GDI32.dll
0x00007ffaf92e0000 - 0x00007ffaf93eb000 	C:\WINDOWS\System32\gdi32full.dll
0x00007ffaf8f70000 - 0x00007ffaf900d000 	C:\WINDOWS\System32\msvcp_win.dll
0x00007ffaf8d70000 - 0x00007ffaf8e70000 	C:\WINDOWS\System32\ucrtbase.dll
0x00007ffae59a0000 - 0x00007ffae5c3a000 	C:\WINDOWS\WinSxS\amd64_microsoft.windows.common-controls_6595b64144ccf1df_6.0.19041.1110_none_60b5254171f9507e\COMCTL32.dll
0x00007ffafa920000 - 0x00007ffafa950000 	C:\WINDOWS\System32\IMM32.DLL
0x00007ffab1d10000 - 0x00007ffab1dff000 	E:\Java\jdk8.0\jre\bin\msvcr120.dll
0x00007fface970000 - 0x00007ffacea16000 	E:\Java\jdk8.0\jre\bin\msvcp120.dll
0x0000000055a10000 - 0x0000000056286000 	E:\Java\jdk8.0\jre\bin\server\jvm.dll
0x00007ffaf9640000 - 0x00007ffaf9648000 	C:\WINDOWS\System32\PSAPI.DLL
0x00007ffaf28e0000 - 0x00007ffaf28ea000 	C:\WINDOWS\SYSTEM32\VERSION.dll
0x00007ffae93b0000 - 0x00007ffae93b9000 	C:\WINDOWS\SYSTEM32\WSOCK32.dll
0x00007ffafa6e0000 - 0x00007ffafa74b000 	C:\WINDOWS\System32\WS2_32.dll
0x00007ffaf0930000 - 0x00007ffaf0957000 	C:\WINDOWS\SYSTEM32\WINMM.dll
0x00007ffaf4aa0000 - 0x00007ffaf4aaf000 	E:\Java\jdk8.0\jre\bin\verify.dll
0x00007ffadb510000 - 0x00007ffadb539000 	E:\Java\jdk8.0\jre\bin\java.dll
0x00007ffaf00c0000 - 0x00007ffaf00d6000 	E:\Java\jdk8.0\jre\bin\zip.dll
0x00007ffaf9f90000 - 0x00007ffafa6d3000 	C:\WINDOWS\System32\SHELL32.dll
0x00007ffaf6cc0000 - 0x00007ffaf7455000 	C:\WINDOWS\SYSTEM32\windows.storage.dll
0x00007ffafad80000 - 0x00007ffafb0d4000 	C:\WINDOWS\System32\combase.dll
0x00007ffaf85a0000 - 0x00007ffaf85d0000 	C:\WINDOWS\SYSTEM32\Wldp.dll
0x00007ffaf97d0000 - 0x00007ffaf987d000 	C:\WINDOWS\System32\SHCORE.dll
0x00007ffafaac0000 - 0x00007ffafab15000 	C:\WINDOWS\System32\shlwapi.dll
0x00007ffaf8b50000 - 0x00007ffaf8b6f000 	C:\WINDOWS\SYSTEM32\profapi.dll
0x00007ffaf8470000 - 0x00007ffaf8488000 	C:\WINDOWS\SYSTEM32\CRYPTSP.dll
0x00007ffaf7c40000 - 0x00007ffaf7c74000 	C:\WINDOWS\system32\rsaenh.dll
0x00007ffaf8c90000 - 0x00007ffaf8cb7000 	C:\WINDOWS\System32\bcrypt.dll
0x00007ffaf8b10000 - 0x00007ffaf8b3e000 	C:\WINDOWS\SYSTEM32\USERENV.dll
0x00007ffaf8ee0000 - 0x00007ffaf8f62000 	C:\WINDOWS\System32\bcryptprimitives.dll
0x00007ffaf8490000 - 0x00007ffaf849c000 	C:\WINDOWS\SYSTEM32\CRYPTBASE.dll
0x00007ffaef680000 - 0x00007ffaef69a000 	E:\java\jdk8.0\jre\bin\net.dll
0x00007ffaf82b0000 - 0x00007ffaf831a000 	C:\WINDOWS\system32\mswsock.dll
0x00007ffaf7fb0000 - 0x00007ffaf7feb000 	C:\WINDOWS\SYSTEM32\IPHLPAPI.DLL
0x00007ffaf9f80000 - 0x00007ffaf9f88000 	C:\WINDOWS\System32\NSI.dll
0x00007ffaee050000 - 0x00007ffaee067000 	C:\WINDOWS\SYSTEM32\dhcpcsvc6.DLL
0x00007ffaee030000 - 0x00007ffaee04d000 	C:\WINDOWS\SYSTEM32\dhcpcsvc.DLL
0x00007ffaf7ff0000 - 0x00007ffaf80ba000 	C:\WINDOWS\SYSTEM32\DNSAPI.dll
0x00007ffaef3a0000 - 0x00007ffaef3b2000 	E:\java\jdk8.0\jre\bin\nio.dll
0x00007ffaef5a0000 - 0x00007ffaef5aa000 	D:\Temp\jansi-1.17.1-6461156922586183006.dll
0x00007ffaef590000 - 0x00007ffaef59a000 	D:\Temp\jansi-1.17.1-7159772301766142248.dll

VM Arguments:
jvm_args: -Dmaven.multiModuleProjectDirectory=D:\Desktop\IdeaProjects\Complete_project\在线鲜花商城\OnlineFlowerTransactionManagementSystem-main -Dmaven.home=E:\Maven\apache-maven-3.6.0 -Dclassworlds.conf=E:\Maven\apache-maven-3.6.0\bin\m2.conf -Dmaven.ext.class.path=E:\IDEA 2021.3\plugins\maven\lib\maven-event-listener.jar -Dfile.encoding=UTF-8 
java_command: org.codehaus.classworlds.Launcher -Didea.version=2021.3 -s C:\Users\23325\.m2\settings.xml -Dmaven.repo.local=E:\Maven\apache-maven-3.6.0\mvn_repository install
java_class_path (initial): E:\Maven\apache-maven-3.6.0\boot\plexus-classworlds-2.5.2.jar
Launcher Type: SUN_STANDARD

Environment Variables:
JAVA_HOME=E:\java\jdk8.0\jre
CLASSPATH=E:\java\jdk8.0\jre\lib\dt.jar;E:\java\jdk8.0\jre\lib\tools.jar
PATH=E:\Vm\bin\;C:\WINDOWS\system32;C:\WINDOWS;C:\WINDOWS\System32\Wbem;C:\WINDOWS\System32\WindowsPowerShell\v1.0\;C:\WINDOWS\System32\OpenSSH\;E:\java\jdk8.0\jre\bin;E:\java\jdk8.0\jre\jre\bin;E:\MySQL\mysql5.0\bin;E:\MySQL\mysql8.0\bin;E:\Node.js\;E:\软件下载\Git\cmd;D:\soft\Redis;E:\soft\mongodb\bin;C:\Users\23325\AppData\Local\Microsoft\WindowsApps;E:\Microsoft VS Code\bin;E:\Maven\apache-maven-3.6.0\bin;C:\Users\23325\AppData\Roaming\npm;
USERNAME=23325
OS=Windows_NT
PROCESSOR_IDENTIFIER=AMD64 Family 23 Model 24 Stepping 1, AuthenticAMD



---------------  S Y S T E M  ---------------

OS: Windows 10.0 , 64 bit Build 19041 (10.0.19041.1889)

CPU:total 8 (initial active 8) (8 cores per cpu, 1 threads per core) family 23 model 24 stepping 1, cmov, cx8, fxsr, mmx, sse, sse2, sse3, ssse3, sse4.1, sse4.2, popcnt, avx, avx2, aes, clmul, mmxext, 3dnowpref, lzcnt, sse4a, tsc, tscinvbit, tscinv, bmi1

Memory: 4k page, physical 10422828k(306136k free), swap 23530024k(820k free)

vm_info: OpenJDK 64-Bit Server VM (25.322-b06) for windows-amd64 JRE (1.8.0_322-b06), built on Jan 13 2022 23:37:51 by "Administrator" with MS VC++ 12.0 (VS2013)

time: Sat Oct 15 20:09:26 2022
timezone: ?D1ú±ê×?ê±??
elapsed time: 3.869577 seconds (0d 0h 0m 3s)

